<?xml version="1.0" encoding="UTF-8"?>
<!-- Generated by org.testng.reporters.JUnitReportReporter -->
<testsuite hostname="DESKTOP-9K12GLO" failures="0" tests="1" name="tests.login.LoginTest" time="41.073" errors="0" timestamp="2021-06-02T16:32:53 IST" skipped="0">
  <testcase classname="tests.login.LoginTest" name="loginTest" time="41.073"/>
</testsuite> <!-- tests.login.LoginTest -->
